Using pre-set license
Built from '2020.3/staging' branch; Version is '2020.3.10f1 (297d780c91bc) revision 2719096'; Using compiler version '192528614'; Build Type 'Release'
OS: 'Windows 10 Home; OS build 17763.1577; Version 1809; 64bit' Language: 'en' Physical Memory: 12225 MB
BatchMode: 1, IsHumanControllingUs: 0, StartBugReporterOnCrash: 0, Is64bit: 1, IsPro: 0

 COMMAND LINE ARGUMENTS:
G:\Unity\Projects\2020.3.10f1\Editor\Unity.exe
-adb2
-batchMode
-noUpm
-name
AssetImportWorker0
-projectPath
G:/Unity/Projects/Platformer
-logFile
Logs/AssetImportWorker0.log
-srvPort
56824
Successfully changed project path to: G:/Unity/Projects/Platformer
G:/Unity/Projects/Platformer
Using Asset Import Pipeline V2.
Refreshing native plugins compatible for Editor in 773.91 ms, found 3 plugins.
Preloading 0 native plugins for Editor in 0.00 ms.
Initialize engine version: 2020.3.10f1 (297d780c91bc)
[Subsystems] Discovering subsystems at path G:/Unity/Projects/2020.3.10f1/Editor/Data/Resources/UnitySubsystems
[Subsystems] Discovering subsystems at path G:/Unity/Projects/Platformer/Assets
GfxDevice: creating device client; threaded=0
Direct3D:
    Version:  Direct3D 11.0 [level 11.1]
    Renderer: NVIDIA GeForce GTX 1060 6GB (ID=0x1c03)
    Vendor:   
    VRAM:     6052 MB
    Driver:   30.0.14.9649
Initialize mono
Mono path[0] = 'G:/Unity/Projects/2020.3.10f1/Editor/Data/Managed'
Mono path[1] = 'G:/Unity/Projects/2020.3.10f1/Editor/Data/MonoBleedingEdge/lib/mono/unityjit'
Mono config path = 'G:/Unity/Projects/2020.3.10f1/Editor/Data/MonoBleedingEdge/etc'
Using monoOptions --debugger-agent=transport=dt_socket,embedding=1,server=y,suspend=n,address=127.0.0.1:56776
Begin MonoManager ReloadAssembly
Registering precompiled unity dll's ...
Register platform support module: G:/Unity/Projects/2020.3.10f1/Editor/Data/PlaybackEngines/WindowsStandaloneSupport/UnityEditor.WindowsStandalone.Extensions.dll
Registered in 0.001171 seconds.
Native extension for WindowsStandalone target not found
Refreshing native plugins compatible for Editor in 115.89 ms, found 3 plugins.
Preloading 0 native plugins for Editor in 0.00 ms.
Mono: successfully reloaded assembly
- Completed reload, in  5.853 seconds
Platform modules already initialized, skipping
Registering precompiled user dll's ...
Registered in 0.004423 seconds.
Begin MonoManager ReloadAssembly
Native extension for WindowsStandalone target not found
Refreshing native plugins compatible for Editor in 62.99 ms, found 3 plugins.
Preloading 0 native plugins for Editor in 0.00 ms.
Mono: successfully reloaded assembly
- Completed reload, in  1.798 seconds
Platform modules already initialized, skipping
========================================================================
Worker process is ready to serve import requests
Launched and connected shader compiler UnityShaderCompiler.exe after 0.06 seconds
Refreshing native plugins compatible for Editor in 0.85 ms, found 3 plugins.
Preloading 0 native plugins for Editor in 0.00 ms.
Unloading 2382 Unused Serialized files (Serialized files now loaded: 0)
System memory in use before: 103.7 MB.
System memory in use after: 103.8 MB.

Unloading 35 unused Assets to reduce memory usage. Loaded Objects now: 2817.
Total: 3.835000 ms (FindLiveObjects: 0.431300 ms CreateObjectMapping: 0.153200 ms MarkObjects: 2.969300 ms  DeleteObjects: 0.279300 ms)

========================================================================
Received Import Request.
  path: Assets/Scripts/Coin/Spawner.cs
  artifactKey: Guid(50d36a2f441c5df488c6c86682934dd6) Importer(815301076,1909f56bfc062723c751e8b465ee728b)
Start importing Assets/Scripts/Coin/Spawner.cs using Guid(50d36a2f441c5df488c6c86682934dd6) Importer(815301076,1909f56bfc062723c751e8b465ee728b)  -> (artifact id: '159c3cbe71b3e54344a2f61e562d0179') in 0.034538 seconds
  Import took 0.040840 seconds .

========================================================================
Received Import Request.
  Time since last request: 0.000210 seconds.
  path: Assets/Scripts/Coin/CoinCollector.cs
  artifactKey: Guid(753e3a68a56d8914eb30d80024730ecd) Importer(815301076,1909f56bfc062723c751e8b465ee728b)
Start importing Assets/Scripts/Coin/CoinCollector.cs using Guid(753e3a68a56d8914eb30d80024730ecd) Importer(815301076,1909f56bfc062723c751e8b465ee728b)  -> (artifact id: '3e0587cafc66813128349bf3f882199f') in 0.006359 seconds
  Import took 0.010949 seconds .

========================================================================
Received Prepare
Registering precompiled user dll's ...
Registered in 0.003716 seconds.
Begin MonoManager ReloadAssembly
Native extension for WindowsStandalone target not found
Refreshing native plugins compatible for Editor in 0.63 ms, found 3 plugins.
Preloading 0 native plugins for Editor in 0.00 ms.
Mono: successfully reloaded assembly
- Completed reload, in  1.367 seconds
Platform modules already initialized, skipping
Refreshing native plugins compatible for Editor in 0.64 ms, found 3 plugins.
Preloading 0 native plugins for Editor in 0.00 ms.
Unloading 2377 Unused Serialized files (Serialized files now loaded: 0)
System memory in use before: 103.9 MB.
System memory in use after: 104.0 MB.

Unloading 21 unused Assets to reduce memory usage. Loaded Objects now: 2821.
Total: 3.250400 ms (FindLiveObjects: 0.360800 ms CreateObjectMapping: 0.229000 ms MarkObjects: 2.536200 ms  DeleteObjects: 0.123200 ms)

========================================================================
Received Prepare
Registering precompiled user dll's ...
Registered in 0.003666 seconds.
Begin MonoManager ReloadAssembly
Native extension for WindowsStandalone target not found
Refreshing native plugins compatible for Editor in 0.55 ms, found 3 plugins.
Preloading 0 native plugins for Editor in 0.00 ms.
Mono: successfully reloaded assembly
- Completed reload, in  1.245 seconds
Platform modules already initialized, skipping
Refreshing native plugins compatible for Editor in 0.56 ms, found 3 plugins.
Preloading 0 native plugins for Editor in 0.00 ms.
Unloading 2377 Unused Serialized files (Serialized files now loaded: 0)
System memory in use before: 104.0 MB.
System memory in use after: 104.1 MB.

Unloading 21 unused Assets to reduce memory usage. Loaded Objects now: 2825.
Total: 2.912500 ms (FindLiveObjects: 0.216300 ms CreateObjectMapping: 0.108500 ms MarkObjects: 2.469900 ms  DeleteObjects: 0.116700 ms)

AssetImportWorkerClient::OnTransportError - code=2 error=End of file
